<?xml version="1.0" encoding="UTF-8"?>
<testng-results ignored="4" total="7" passed="2" failed="1" skipped="0">
  <reporter-output>
  </reporter-output>
  <suite started-at="2024-12-14T13:34:35 IST" name="Suite" finished-at="2024-12-14T13:35:22 IST" duration-ms="46581">
    <groups>
      <group name="smoke">
        <method signature="TC_001.CON_00()[pri:0, instance:testCaseRepo.TC_001@489115ef]" name="CON_00" class="testCaseRepo.TC_001"/>
      </group> <!-- smoke -->
    </groups>
    <test started-at="2024-12-14T13:34:35 IST" name="Test" finished-at="2024-12-14T13:35:22 IST" duration-ms="46581">
      <class name="testCaseRepo.TC_001">
        <test-method is-config="true" signature="launchBrowser(java.lang.String)[pri:0, instance:testCaseRepo.TC_001@489115ef]" started-at="2024-12-14T13:35:11 IST" name="launchBrowser" finished-at="2024-12-14T13:35:13 IST" duration-ms="1980" status="PASS">
          <params>
            <param index="0">
              <value>
                <![CDATA[chrome]]>
              </value>
            </param>
          </params>
          <reporter-output>
          </reporter-output>
        </test-method> <!-- launchBrowser -->
        <test-method is-config="true" signature="loginToApplication()[pri:0, instance:testCaseRepo.TC_001@489115ef]" started-at="2024-12-14T13:35:13 IST" name="loginToApplication" finished-at="2024-12-14T13:35:16 IST" duration-ms="2813" status="PASS">
          <reporter-output>
          </reporter-output>
        </test-method> <!-- loginToApplication -->
        <test-method signature="CON_00()[pri:0, instance:testCaseRepo.TC_001@489115ef]" started-at="2024-12-14T13:35:16 IST" name="CON_00" finished-at="2024-12-14T13:35:19 IST" duration-ms="3294" status="FAIL">
          <exception class="java.lang.AssertionError">
            <message>
              <![CDATA[null]]>
            </message>
            <full-stacktrace>
              <![CDATA[java.lang.AssertionError: null
at org.testng.Assert.fail(Assert.java:99)
at org.testng.Assert.fail(Assert.java:106)
at testCaseRepo.TC_001.CON_00(TC_001.java:22)
at java.base/jdk.internal.reflect.DirectMethodHandleAccessor.invoke(DirectMethodHandleAccessor.java:103)
at java.base/java.lang.reflect.Method.invoke(Method.java:580)
at org.testng.internal.MethodInvocationHelper.invokeMethod(MethodInvocationHelper.java:133)
at org.testng.internal.TestInvoker.invokeMethod(TestInvoker.java:598)
at org.testng.internal.TestInvoker.invokeTestMethod(TestInvoker.java:173)
at org.testng.internal.MethodRunner.runInSequence(MethodRunner.java:46)
at org.testng.internal.TestInvoker$MethodInvocationAgent.invoke(TestInvoker.java:824)
at org.testng.internal.TestInvoker.invokeTestMethods(TestInvoker.java:146)
at org.testng.internal.TestMethodWorker.invokeTestMethods(TestMethodWorker.java:146)
at org.testng.internal.TestMethodWorker.run(TestMethodWorker.java:128)
at java.base/java.util.ArrayList.forEach(ArrayList.java:1597)
at org.testng.TestRunner.privateRun(TestRunner.java:794)
at org.testng.TestRunner.run(TestRunner.java:596)
at org.testng.SuiteRunner.runTest(SuiteRunner.java:377)
at org.testng.SuiteRunner.runSequentially(SuiteRunner.java:371)
at org.testng.SuiteRunner.privateRun(SuiteRunner.java:332)
at org.testng.SuiteRunner.run(SuiteRunner.java:276)
at org.testng.SuiteRunnerWorker.runSuite(SuiteRunnerWorker.java:53)
at org.testng.SuiteRunnerWorker.run(SuiteRunnerWorker.java:96)
at org.testng.TestNG.runSuitesSequentially(TestNG.java:1212)
at org.testng.TestNG.runSuitesLocally(TestNG.java:1134)
at org.testng.TestNG.runSuites(TestNG.java:1063)
at org.testng.TestNG.run(TestNG.java:1031)
at org.testng.remote.AbstractRemoteTestNG.run(AbstractRemoteTestNG.java:115)
at org.testng.remote.RemoteTestNG.initAndRun(RemoteTestNG.java:293)
at org.testng.remote.RemoteTestNG.main(RemoteTestNG.java:91)
]]>
            </full-stacktrace>
          </exception> <!-- java.lang.AssertionError -->
          <reporter-output>
          </reporter-output>
        </test-method> <!-- CON_00 -->
        <test-method is-config="true" signature="LogoutOperation()[pri:0, instance:testCaseRepo.TC_001@489115ef]" started-at="2024-12-14T13:35:19 IST" name="LogoutOperation" finished-at="2024-12-14T13:35:22 IST" duration-ms="2677" status="PASS">
          <reporter-output>
          </reporter-output>
        </test-method> <!-- LogoutOperation -->
        <test-method is-config="true" signature="closeBrowser()[pri:0, instance:testCaseRepo.TC_001@489115ef]" started-at="2024-12-14T13:35:22 IST" name="closeBrowser" finished-at="2024-12-14T13:35:22 IST" duration-ms="150" status="PASS">
          <reporter-output>
          </reporter-output>
        </test-method> <!-- closeBrowser -->
      </class> <!-- testCaseRepo.TC_001 -->
      <class name="testCaseRepo.TC_003">
        <test-method is-config="true" signature="dbCoonectivity()[pri:0, instance:testCaseRepo.TC_003@179ece50]" started-at="2024-12-14T13:34:35 IST" name="dbCoonectivity" finished-at="2024-12-14T13:34:35 IST" duration-ms="5" status="PASS">
          <reporter-output>
          </reporter-output>
        </test-method> <!-- dbCoonectivity -->
        <test-method is-config="true" signature="launchBrowser(java.lang.String)[pri:0, instance:testCaseRepo.TC_003@179ece50]" started-at="2024-12-14T13:34:36 IST" name="launchBrowser" finished-at="2024-12-14T13:34:38 IST" duration-ms="2323" status="PASS">
          <params>
            <param index="0">
              <value>
                <![CDATA[chrome]]>
              </value>
            </param>
          </params>
          <reporter-output>
          </reporter-output>
        </test-method> <!-- launchBrowser -->
        <test-method is-config="true" signature="loginToApplication()[pri:0, instance:testCaseRepo.TC_003@179ece50]" started-at="2024-12-14T13:34:38 IST" name="loginToApplication" finished-at="2024-12-14T13:34:40 IST" duration-ms="2537" status="PASS">
          <reporter-output>
          </reporter-output>
        </test-method> <!-- loginToApplication -->
        <test-method signature="ORG_002()[pri:0, instance:testCaseRepo.TC_003@179ece50]" started-at="2024-12-14T13:34:40 IST" name="ORG_002" finished-at="2024-12-14T13:34:49 IST" duration-ms="8606" status="PASS">
          <reporter-output>
          </reporter-output>
        </test-method> <!-- ORG_002 -->
        <test-method is-config="true" signature="LogoutOperation()[pri:0, instance:testCaseRepo.TC_003@179ece50]" started-at="2024-12-14T13:34:49 IST" name="LogoutOperation" finished-at="2024-12-14T13:34:54 IST" duration-ms="4900" status="PASS">
          <reporter-output>
          </reporter-output>
        </test-method> <!-- LogoutOperation -->
        <test-method is-config="true" signature="closeBrowser()[pri:0, instance:testCaseRepo.TC_003@179ece50]" started-at="2024-12-14T13:34:54 IST" name="closeBrowser" finished-at="2024-12-14T13:34:54 IST" duration-ms="183" status="PASS">
          <reporter-output>
          </reporter-output>
        </test-method> <!-- closeBrowser -->
        <test-method is-config="true" signature="closeDBConnection()[pri:0, instance:testCaseRepo.TC_003@179ece50]" started-at="2024-12-14T13:35:22 IST" name="closeDBConnection" finished-at="2024-12-14T13:35:22 IST" duration-ms="0" status="PASS">
          <reporter-output>
          </reporter-output>
        </test-method> <!-- closeDBConnection -->
      </class> <!-- testCaseRepo.TC_003 -->
      <class name="testCaseRepo.TC_002">
        <test-method is-config="true" signature="launchBrowser(java.lang.String)[pri:0, instance:testCaseRepo.TC_002@1a677343]" started-at="2024-12-14T13:34:54 IST" name="launchBrowser" finished-at="2024-12-14T13:34:56 IST" duration-ms="2011" status="PASS">
          <params>
            <param index="0">
              <value>
                <![CDATA[chrome]]>
              </value>
            </param>
          </params>
          <reporter-output>
          </reporter-output>
        </test-method> <!-- launchBrowser -->
        <test-method is-config="true" signature="loginToApplication()[pri:0, instance:testCaseRepo.TC_002@1a677343]" started-at="2024-12-14T13:34:56 IST" name="loginToApplication" finished-at="2024-12-14T13:34:59 IST" duration-ms="3140" status="PASS">
          <reporter-output>
          </reporter-output>
        </test-method> <!-- loginToApplication -->
        <test-method signature="CON_001()[pri:0, instance:testCaseRepo.TC_002@1a677343]" started-at="2024-12-14T13:34:59 IST" name="CON_001" finished-at="2024-12-14T13:35:06 IST" duration-ms="6676" status="PASS">
          <reporter-output>
          </reporter-output>
        </test-method> <!-- CON_001 -->
        <test-method is-config="true" signature="LogoutOperation()[pri:0, instance:testCaseRepo.TC_002@1a677343]" started-at="2024-12-14T13:35:06 IST" name="LogoutOperation" finished-at="2024-12-14T13:35:11 IST" duration-ms="4777" status="PASS">
          <reporter-output>
          </reporter-output>
        </test-method> <!-- LogoutOperation -->
        <test-method is-config="true" signature="closeBrowser()[pri:0, instance:testCaseRepo.TC_002@1a677343]" started-at="2024-12-14T13:35:11 IST" name="closeBrowser" finished-at="2024-12-14T13:35:11 IST" duration-ms="160" status="PASS">
          <reporter-output>
          </reporter-output>
        </test-method> <!-- closeBrowser -->
      </class> <!-- testCaseRepo.TC_002 -->
    </test> <!-- Test -->
  </suite> <!-- Suite -->
</testng-results>
